# JRE version: Java(TM) SE Runtime Environment (8.0_66-b17) (build 1.8.0_66-b17)
# Java VM: Java HotSpot(TM) 64-Bit Server VM (25.66-b17 mixed mode bsd-amd64 compressed oops)
Heap:
 PSYoungGen      total 551424K, used 469015K [0x0000000795580000, 0x00000007be300000, 0x00000007c0000000)
  eden space 471552K, 86% used [0x0000000795580000,0x00000007ae1c76b0,0x00000007b2200000)
  from space 79872K, 79% used [0x00000007b9500000,0x00000007bd2be5b8,0x00000007be300000)
  to   space 98816K, 0% used [0x00000007b2200000,0x00000007b2200000,0x00000007b8280000)
 ParOldGen       total 151040K, used 72594K [0x0000000740000000, 0x0000000749380000, 0x0000000795580000)
  object space 151040K, 48% used [0x0000000740000000,0x00000007446e4a18,0x0000000749380000)
 Metaspace       used 42326K, capacity 43418K, committed 59160K, reserved 1101824K
  class space    used 4820K, capacity 5159K, committed 7728K, reserved 1048576K
GC Heap History (10 events):
Event: 6000.241 GC heap before
{Heap before GC invocations=19 (full 2):
 PSYoungGen      total 585216K, used 585199K [0x0000000795580000, 0x00000007c0000000, 0x00000007c0000000)
  eden space 522752K, 100% used [0x0000000795580000,0x00000007b5400000,0x00000007b5400000)
  from space 62464K, 99% used [0x00000007bc300000,0x00000007bfffbe50,0x00000007c0000000)
  to   space 88064K, 0% used [0x00000007b5400000,0x00000007b5400000,0x00000007baa00000)
 ParOldGen       total 101888K, used 63074K [0x0000000740000000, 0x0000000746380000, 0x0000000795580000)
  object space 101888K, 61% used [0x0000000740000000,0x0000000743d989d8,0x0000000746380000)
 Metaspace       used 52748K, capacity 53944K, committed 54312K, reserved 1097728K
  class space    used 6453K, capacity 6891K, committed 6960K, reserved 1048576K
Event: 6001.177 GC heap after
Heap after GC invocations=19 (full 2):
 PSYoungGen      total 582144K, used 59168K [0x0000000795580000, 0x00000007c0000000, 0x00000007c0000000)
  eden space 522752K, 0% used [0x0000000795580000,0x0000000795580000,0x00000007b5400000)
  from space 59392K, 99% used [0x00000007b5400000,0x00000007b8dc80b8,0x00000007b8e00000)
  to   space 91648K, 0% used [0x00000007ba680000,0x00000007ba680000,0x00000007c0000000)
 ParOldGen       total 101888K, used 66194K [0x0000000740000000, 0x0000000746380000, 0x0000000795580000)
  object space 101888K, 64% used [0x0000000740000000,0x00000007440a49c8,0x0000000746380000)
 Metaspace       used 52748K, capacity 53944K, committed 54312K, reserved 1097728K
  class space    used 6453K, capacity 6891K, committed 6960K, reserved 1048576K
}
Event: 6210.389 GC heap before
{Heap before GC invocations=20 (full 2):
 PSYoungGen      total 582144K, used 478851K [0x0000000795580000, 0x00000007c0000000, 0x00000007c0000000)
  eden space 522752K, 80% used [0x0000000795580000,0x00000007aef58b50,0x00000007b5400000)
  from space 59392K, 99% used [0x00000007b5400000,0x00000007b8dc80b8,0x00000007b8e00000)
  to   space 91648K, 0% used [0x00000007ba680000,0x00000007ba680000,0x00000007c0000000)
 ParOldGen       total 101888K, used 66194K [0x0000000740000000, 0x0000000746380000, 0x0000000795580000)
  object space 101888K, 64% used [0x0000000740000000,0x00000007440a49c8,0x0000000746380000)
 Metaspace       used 57727K, capacity 58994K, committed 59160K, reserved 1101824K
  class space    used 7149K, capacity 7650K, committed 7728K, reserved 1048576K
Event: 6210.818 GC heap after
Heap after GC invocations=20 (full 2):
 PSYoungGen      total 607232K, used 51702K [0x0000000795580000, 0x00000007c0000000, 0x00000007c0000000)
  eden space 515584K, 0% used [0x0000000795580000,0x0000000795580000,0x00000007b4d00000)
  from space 91648K, 56% used [0x00000007ba680000,0x00000007bd8fd938,0x00000007c0000000)
  to   space 91648K, 0% used [0x00000007b4d00000,0x00000007b4d00000,0x00000007ba680000)
 ParOldGen       total 101888K, used 68464K [0x0000000740000000, 0x0000000746380000, 0x0000000795580000)
  object space 101888K, 67% used [0x0000000740000000,0x00000007442dc358,0x0000000746380000)
 Metaspace       used 57727K, capacity 58994K, committed 59160K, reserved 1101824K
  class space    used 7149K, capacity 7650K, committed 7728K, reserved 1048576K
}
Event: 6210.819 GC heap before
{Heap before GC invocations=21 (full 3):
 PSYoungGen      total 607232K, used 51702K [0x0000000795580000, 0x00000007c0000000, 0x00000007c0000000)
  eden space 515584K, 0% used [0x0000000795580000,0x0000000795580000,0x00000007b4d00000)
  from space 91648K, 56% used [0x00000007ba680000,0x00000007bd8fd938,0x00000007c0000000)
  to   space 91648K, 0% used [0x00000007b4d00000,0x00000007b4d00000,0x00000007ba680000)
 ParOldGen       total 101888K, used 68464K [0x0000000740000000, 0x0000000746380000, 0x0000000795580000)
  object space 101888K, 67% used [0x0000000740000000,0x00000007442dc358,0x0000000746380000)
 Metaspace       used 57727K, capacity 58994K, committed 59160K, reserved 1101824K
  class space    used 7149K, capacity 7650K, committed 7728K, reserved 1048576K
Event: 6211.379 GC heap after
Heap after GC invocations=21 (full 3):
 PSYoungGen      total 607232K, used 0K [0x0000000795580000, 0x00000007c0000000, 0x00000007c0000000)
  eden space 515584K, 0% used [0x0000000795580000,0x0000000795580000,0x00000007b4d00000)
  from space 91648K, 0% used [0x00000007ba680000,0x00000007ba680000,0x00000007c0000000)
  to   space 91648K, 0% used [0x00000007b4d00000,0x00000007b4d00000,0x00000007ba680000)
 ParOldGen       total 151040K, used 69756K [0x0000000740000000, 0x0000000749380000, 0x0000000795580000)
  object space 151040K, 46% used [0x0000000740000000,0x000000074441f0a8,0x0000000749380000)
 Metaspace       used 30805K, capacity 31324K, committed 59160K, reserved 1101824K
  class space    used 3152K, capacity 3360K, committed 7728K, reserved 1048576K
}
Event: 6296.162 GC heap before
{Heap before GC invocations=22 (full 3):
 PSYoungGen      total 607232K, used 515584K [0x0000000795580000, 0x00000007c0000000, 0x00000007c0000000)
  eden space 515584K, 100% used [0x0000000795580000,0x00000007b4d00000,0x00000007b4d00000)
  from space 91648K, 0% used [0x00000007ba680000,0x00000007ba680000,0x00000007c0000000)
  to   space 91648K, 0% used [0x00000007b4d00000,0x00000007b4d00000,0x00000007ba680000)
 ParOldGen       total 151040K, used 69756K [0x0000000740000000, 0x0000000749380000, 0x0000000795580000)
  object space 151040K, 46% used [0x0000000740000000,0x000000074441f0a8,0x0000000749380000)
 Metaspace       used 35213K, capacity 35900K, committed 59160K, reserved 1101824K
  class space    used 3785K, capacity 4026K, committed 7728K, reserved 1048576K
Event: 6296.373 GC heap after
Heap after GC invocations=22 (full 3):
 PSYoungGen      total 559616K, used 66509K [0x0000000795580000, 0x00000007bf300000, 0x00000007c0000000)
  eden space 493056K, 0% used [0x0000000795580000,0x0000000795580000,0x00000007b3700000)
  from space 66560K, 99% used [0x00000007b4d00000,0x00000007b8df34c0,0x00000007b8e00000)
  to   space 96256K, 0% used [0x00000007b9500000,0x00000007b9500000,0x00000007bf300000)
 ParOldGen       total 151040K, used 69764K [0x0000000740000000, 0x0000000749380000, 0x0000000795580000)
  object space 151040K, 46% used [0x0000000740000000,0x00000007444210a8,0x0000000749380000)
 Metaspace       used 35213K, capacity 35900K, committed 59160K, reserved 1101824K
  class space    used 3785K, capacity 4026K, committed 7728K, reserved 1048576K
}
Event: 6774.700 GC heap before
{Heap before GC invocations=23 (full 3):
 PSYoungGen      total 559616K, used 559565K [0x0000000795580000, 0x00000007bf300000, 0x00000007c0000000)
  eden space 493056K, 100% used [0x0000000795580000,0x00000007b3700000,0x00000007b3700000)
  from space 66560K, 99% used [0x00000007b4d00000,0x00000007b8df34c0,0x00000007b8e00000)
  to   space 96256K, 0% used [0x00000007b9500000,0x00000007b9500000,0x00000007bf300000)
 ParOldGen       total 151040K, used 69764K [0x0000000740000000, 0x0000000749380000, 0x0000000795580000)
  object space 151040K, 46% used [0x0000000740000000,0x00000007444210a8,0x0000000749380000)
 Metaspace       used 38828K, capacity 39736K, committed 59160K, reserved 1101824K
  class space    used 4315K, capacity 4596K, committed 7728K, reserved 1048576K
Event: 6775.331 GC heap after
Heap after GC invocations=23 (full 3):
 PSYoungGen      total 551424K, used 63225K [0x0000000795580000, 0x00000007be300000, 0x00000007c0000000)
  eden space 471552K, 0% used [0x0000000795580000,0x0000000795580000,0x00000007b2200000)
  from space 79872K, 79% used [0x00000007b9500000,0x00000007bd2be5b8,0x00000007be300000)
  to   space 98816K, 0% used [0x00000007b2200000,0x00000007b2200000,0x00000007b8280000)
 ParOldGen       total 151040K, used 72594K [0x0000000740000000, 0x0000000749380000, 0x0000000795580000)
  object space 151040K, 48% used [0x0000000740000000,0x00000007446e4a18,0x0000000749380000)
 Metaspace       used 38828K, capacity 39736K, committed 59160K, reserved 1101824K
  class space    used 4315K, capacity 4596K, committed 7728K, reserved 1048576K
}

